This is pdfTeX, Version 3.14159265-2.6-1.40.18 (MiKTeX 2.9.6400 64-bit) (preloaded format=pdflatex 2017.10.23)  17 DEC 2017 10:21
entering extended mode
**./final_report.tex
(final_report.tex
LaTeX2e <2017-04-15>
Babel <3.14> and hyphenation patterns for 75 language(s) loaded.
("C:\Program Files\MiKTeX 2.9\tex\latex\base\article.cls"
Document Class: article 2014/09/29 v1.4h Standard LaTeX document class
("C:\Program Files\MiKTeX 2.9\tex\latex\base\size11.clo"
File: size11.clo 2014/09/29 v1.4h Standard LaTeX file (size option)
)
\c@part=\count79
\c@section=\count80
\c@subsection=\count81
\c@subsubsection=\count82
\c@paragraph=\count83
\c@subparagraph=\count84
\c@figure=\count85
\c@table=\count86
\abovecaptionskip=\skip41
\belowcaptionskip=\skip42
\bibindent=\dimen102
) (naaclhlt2016.sty
Conference Style for NAACL-HLT 2016 -- released October 13, 2015
\titlebox=\skip43
\naaclrulerbox=\box26
\naaclrulercount=\count87
\naaclruleroffset=\dimen103
\cv@lineheight=\dimen104
\cv@boxheight=\dimen105
\cv@tmpbox=\box27
\cv@refno=\count88
\cv@tot=\count89
\cv@tmpc@=\count90
\cv@tmpc=\count91
) ("C:\Program Files\MiKTeX 2.9\tex\latex\psnfss\times.sty"
Package: times 2005/04/12 PSNFSS-v9.2a (SPQR) 
)
("C:\Program Files\MiKTeX 2.9\tex\latex\base\latexsym.sty"
Package: latexsym 1998/08/17 v2.2e Standard LaTeX package (lasy symbols)
\symlasy=\mathgroup4
LaTeX Font Info:    Overwriting symbol font `lasy' in version `bold'
(Font)                  U/lasy/m/n --> U/lasy/b/n on input line 52.
)
("C:\Program Files\MiKTeX 2.9\tex\latex\graphics\graphicx.sty"
Package: graphicx 2017/06/01 v1.1a Enhanced LaTeX Graphics (DPC,SPQR)

("C:\Program Files\MiKTeX 2.9\tex\latex\graphics\keyval.sty"
Package: keyval 2014/10/28 v1.15 key=value parser (DPC)
\KV@toks@=\toks14
)
("C:\Program Files\MiKTeX 2.9\tex\latex\graphics\graphics.sty"
Package: graphics 2017/06/25 v1.2c Standard LaTeX Graphics (DPC,SPQR)

("C:\Program Files\MiKTeX 2.9\tex\latex\graphics\trig.sty"
Package: trig 2016/01/03 v1.10 sin cos tan (DPC)
)
("C:\Program Files\MiKTeX 2.9\tex\latex\graphics-cfg\graphics.cfg"
File: graphics.cfg 2016/06/04 v1.11 sample graphics configuration
)
Package graphics Info: Driver file: pdftex.def on input line 99.

("C:\Program Files\MiKTeX 2.9\tex\latex\graphics-def\pdftex.def"
File: pdftex.def 2017/06/24 v1.0g Graphics/color driver for pdftex
))
\Gin@req@height=\dimen106
\Gin@req@width=\dimen107
)
(final_report.aux

LaTeX Warning: Label `fig:ACF' multiply defined.

)
\openout1 = `final_report.aux'.

LaTeX Font Info:    Checking defaults for OML/cmm/m/it on input line 32.
LaTeX Font Info:    ... okay on input line 32.
LaTeX Font Info:    Checking defaults for T1/cmr/m/n on input line 32.
LaTeX Font Info:    ... okay on input line 32.
LaTeX Font Info:    Checking defaults for OT1/cmr/m/n on input line 32.
LaTeX Font Info:    ... okay on input line 32.
LaTeX Font Info:    Checking defaults for OMS/cmsy/m/n on input line 32.
LaTeX Font Info:    ... okay on input line 32.
LaTeX Font Info:    Checking defaults for OMX/cmex/m/n on input line 32.
LaTeX Font Info:    ... okay on input line 32.
LaTeX Font Info:    Checking defaults for U/cmr/m/n on input line 32.
LaTeX Font Info:    ... okay on input line 32.
LaTeX Font Info:    Try loading font information for OT1+ptm on input line 32.
 ("C:\Program Files\MiKTeX 2.9\tex\latex\psnfss\ot1ptm.fd"
File: ot1ptm.fd 2001/06/04 font definitions for OT1/ptm.
)
ABD: EveryShipout initializing macros
(C:\Users\Matt\AppData\Roaming\MiKTeX\2.9\tex\context\base\supp-pdf.mkii
[Loading MPS to PDF converter (version 2006.09.02).]
\scratchcounter=\count92
\scratchdimen=\dimen108
\scratchbox=\box28
\nofMPsegments=\count93
\nofMParguments=\count94
\everyMPshowfont=\toks15
\MPscratchCnt=\count95
\MPscratchDim=\dimen109
\MPnumerator=\count96
\makeMPintoPDFobject=\count97
\everyMPtoPDFconversion=\toks16
) ("C:\Program Files\MiKTeX 2.9\tex\latex\oberdiek\epstopdf-base.sty"
Package: epstopdf-base 2016/05/15 v2.6 Base part for package epstopdf

("C:\Program Files\MiKTeX 2.9\tex\generic\oberdiek\infwarerr.sty"
Package: infwarerr 2016/05/16 v1.4 Providing info/warning/error messages (HO)
)
("C:\Program Files\MiKTeX 2.9\tex\latex\oberdiek\grfext.sty"
Package: grfext 2016/05/16 v1.2 Manage graphics extensions (HO)

("C:\Program Files\MiKTeX 2.9\tex\generic\oberdiek\kvdefinekeys.sty"
Package: kvdefinekeys 2016/05/16 v1.4 Define keys (HO)

("C:\Program Files\MiKTeX 2.9\tex\generic\oberdiek\ltxcmds.sty"
Package: ltxcmds 2016/05/16 v1.23 LaTeX kernel commands for general use (HO)
)))
("C:\Program Files\MiKTeX 2.9\tex\latex\oberdiek\kvoptions.sty"
Package: kvoptions 2016/05/16 v3.12 Key value format for package options (HO)

("C:\Program Files\MiKTeX 2.9\tex\generic\oberdiek\kvsetkeys.sty"
Package: kvsetkeys 2016/05/16 v1.17 Key value parser (HO)

("C:\Program Files\MiKTeX 2.9\tex\generic\oberdiek\etexcmds.sty"
Package: etexcmds 2016/05/16 v1.6 Avoid name clashes with e-TeX commands (HO)

("C:\Program Files\MiKTeX 2.9\tex\generic\oberdiek\ifluatex.sty"
Package: ifluatex 2016/05/16 v1.4 Provides the ifluatex switch (HO)
Package ifluatex Info: LuaTeX not detected.
)
Package etexcmds Info: Could not find \expanded.
(etexcmds)             That can mean that you are not using pdfTeX 1.50 or
(etexcmds)             that some package has redefined \expanded.
(etexcmds)             In the latter case, load this package earlier.
)))
("C:\Program Files\MiKTeX 2.9\tex\generic\oberdiek\pdftexcmds.sty"
Package: pdftexcmds 2017/03/19 v0.25 Utility functions of pdfTeX for LuaTeX (HO
)

("C:\Program Files\MiKTeX 2.9\tex\generic\oberdiek\ifpdf.sty"
Package: ifpdf 2017/03/15 v3.2 Provides the ifpdf switch
)
Package pdftexcmds Info: LuaTeX not detected.
Package pdftexcmds Info: \pdf@primitive is available.
Package pdftexcmds Info: \pdf@ifprimitive is available.
Package pdftexcmds Info: \pdfdraftmode found.
)
Package epstopdf-base Info: Redefining graphics rule for `.eps' on input line 4
38.
Package grfext Info: Graphics extension search list:
(grfext)             [.pdf,.png,.jpg,.mps,.jpeg,.jbig2,.jb2,.PDF,.PNG,.JPG,.JPE
G,.JBIG2,.JB2,.eps]
(grfext)             \AppendGraphicsExtensions on input line 456.
)
LaTeX Font Info:    Font shape `OT1/ptm/bx/n' in size <14.4> not available
(Font)              Font shape `OT1/ptm/b/n' tried instead on input line 34.
LaTeX Font Info:    External font `cmex10' loaded for size
(Font)              <12> on input line 34.
LaTeX Font Info:    External font `cmex10' loaded for size
(Font)              <8> on input line 34.
LaTeX Font Info:    External font `cmex10' loaded for size
(Font)              <6> on input line 34.
LaTeX Font Info:    Try loading font information for U+lasy on input line 34.

("C:\Program Files\MiKTeX 2.9\tex\latex\base\ulasy.fd"
File: ulasy.fd 1998/08/17 v2.2e LaTeX symbol font definitions
)
LaTeX Font Info:    Font shape `OT1/ptm/bx/n' in size <12> not available
(Font)              Font shape `OT1/ptm/b/n' tried instead on input line 34.

Underfull \hbox (badness 1596) in paragraph at lines 46--47
[]\OT1/ptm/m/n/10.95 Additionally, we ex-plore a clus-ter-ing around
 []

LaTeX Font Info:    Font shape `OT1/ptm/bx/n' in size <10.95> not available
(Font)              Font shape `OT1/ptm/b/n' tried instead on input line 55.
[1{C:/Users/Matt/AppData/Local/MiKTeX/2.9/pdftex/config/pdftex.map}



]
Underfull \hbox (badness 1303) in paragraph at lines 76--77
\OT1/ptm/m/n/10.95 strikes/work stop-pages and CPI. Data from the
 []


Underfull \hbox (badness 10000) in paragraph at lines 78--79
[]\OT1/ptm/m/n/10.95 The data files were pro-cessed us-ing
 []


Underfull \hbox (badness 1895) in paragraph at lines 78--79
\OT1/ptm/m/n/10.95 Python/PySpark run-ning on a 3 ma-chine clus-
 []

<"./pictures/Correlation_Matrix".png, id=7, 687.56876pt x 529.98pt>
File: "./pictures/Correlation_Matrix".png Graphic file (type png)
<use "./pictures/Correlation_Matrix".png>
Package pdftex.def Info: "./pictures/Correlation_Matrix".png  used on input lin
e 87. on input line 87.
Package pdftex.def Info: Requested size: 227.6506pt x 175.4681pt on input line 
87.
LaTeX Font Info:    Font shape `OT1/ptm/bx/n' in size <9> not available
(Font)              Font shape `OT1/ptm/b/n' tried instead on input line 88.
<"./pictures/MaleVsFemaleUnemployment".png, id=9, 1003.75pt x 563.10374pt>
File: "./pictures/MaleVsFemaleUnemployment".png Graphic file (type png)
<use "./pictures/MaleVsFemaleUnemployment".png>
Package pdftex.def Info: "./pictures/MaleVsFemaleUnemployment".png  used on inp
ut line 96. on input line 96.
Package pdftex.def Info: Requested size: 227.6506pt x 127.70676pt on input line
 96.
[2 <./pictures/Correlation_Matrix.png> <./pictures/MaleVsFemaleUnemployment.png
>]
<"./pictures/Mse_Score_Predictions".png, id=15, 439.6425pt x 335.2525pt>
File: "./pictures/Mse_Score_Predictions".png Graphic file (type png)
<use "./pictures/Mse_Score_Predictions".png>
Package pdftex.def Info: "./pictures/Mse_Score_Predictions".png  used on input 
line 125. on input line 125.
Package pdftex.def Info: Requested size: 227.6506pt x 173.59566pt on input line
 125.
<"./pictures/Correlation_With_Poverty".png, id=16, 873.2625pt x 587.19376pt>
File: "./pictures/Correlation_With_Poverty".png Graphic file (type png)
<use "./pictures/Correlation_With_Poverty".png>
Package pdftex.def Info: "./pictures/Correlation_With_Poverty".png  used on inp
ut line 131. on input line 131.
Package pdftex.def Info: Requested size: 227.6506pt x 153.06996pt on input line
 131.
<"./pictures/jobloss".png, id=17, 742.775pt x 229.35687pt>
File: "./pictures/jobloss".png Graphic file (type png)
<use "./pictures/jobloss".png>
Package pdftex.def Info: "./pictures/jobloss".png  used on input line 142. on i
nput line 142.
Package pdftex.def Info: Requested size: 227.6506pt x 70.29495pt on input line 
142.


LaTeX Warning: `h' float specifier changed to `ht'.

<"./pictures/jobgains".png, id=18, 739.26187pt x 232.36812pt>
File: "./pictures/jobgains".png Graphic file (type png)
<use "./pictures/jobgains".png>
Package pdftex.def Info: "./pictures/jobgains".png  used on input line 148. on 
input line 148.
Package pdftex.def Info: Requested size: 227.6506pt x 71.5547pt on input line 1
48.

LaTeX Warning: `h' float specifier changed to `ht'.

[3 <./pictures/Mse_Score_Predictions.png> <./pictures/Correlation_With_Poverty.
png>]
<"./pictures/DF".png, id=24, 688.5725pt x 326.72063pt>
File: "./pictures/DF".png Graphic file (type png)
<use "./pictures/DF".png>
Package pdftex.def Info: "./pictures/DF".png  used on input line 156. on input 
line 156.
Package pdftex.def Info: Requested size: 227.6506pt x 108.01755pt on input line
 156.
<"./pictures/trend".png, id=25, 665.98813pt x 130.4875pt>
File: "./pictures/trend".png Graphic file (type png)
<use "./pictures/trend".png>
Package pdftex.def Info: "./pictures/trend".png  used on input line 164. on inp
ut line 164.
Package pdftex.def Info: Requested size: 227.6506pt x 44.6021pt on input line 1
64.


LaTeX Warning: `h' float specifier changed to `ht'.

<"./pictures/acf".png, id=26, 663.47874pt x 144.54pt>
File: "./pictures/acf".png Graphic file (type png)
<use "./pictures/acf".png>
Package pdftex.def Info: "./pictures/acf".png  used on input line 172. on input
 line 172.
Package pdftex.def Info: Requested size: 227.6506pt x 49.59286pt on input line 
172.

LaTeX Warning: `h' float specifier changed to `ht'.

<"./pictures/ARIMA".png, id=27, 623.83063pt x 186.6975pt>
File: "./pictures/ARIMA".png Graphic file (type png)
<use "./pictures/ARIMA".png>
Package pdftex.def Info: "./pictures/ARIMA".png  used on input line 180. on inp
ut line 180.
Package pdftex.def Info: Requested size: 227.6506pt x 68.12834pt on input line 
180.

LaTeX Warning: `h' float specifier changed to `ht'.

<"./pictures/emerging_jobs".png, id=28, 843.15pt x 472.76625pt>
File: "./pictures/emerging_jobs".png Graphic file (type png)
<use "./pictures/emerging_jobs".png>
Package pdftex.def Info: "./pictures/emerging_jobs".png  used on input line 194
. on input line 194.
Package pdftex.def Info: Requested size: 227.6506pt x 127.64137pt on input line
 194.

LaTeX Warning: `h' float specifier changed to `ht'.

<"./pictures/yearwise emerging sectors".png, id=29, 702.625pt x 501.875pt>
File: "./pictures/yearwise emerging sectors".png Graphic file (type png)
<use "./pictures/yearwise emerging sectors".png>
Package pdftex.def Info: "./pictures/yearwise emerging sectors".png  used on in
put line 200. on input line 200.
Package pdftex.def Info: Requested size: 227.6506pt x 162.60966pt on input line
 200.

LaTeX Warning: `h' float specifier changed to `ht'.

LaTeX Font Info:    Try loading font information for OMS+ptm on input line 216.

("C:\Program Files\MiKTeX 2.9\tex\latex\psnfss\omsptm.fd"
File: omsptm.fd 
)
LaTeX Font Info:    Font shape `OMS/ptm/m/n' in size <10.95> not available
(Font)              Font shape `OMS/cmsy/m/n' tried instead on input line 216.
 [4 <./pictures/jobloss.png> <./pictures/jobgains.png> <./pictures/DF.png> <./p
ictures/trend.png> <./pictures/acf.png>] (final_report.bbl) [5 <./pictures/ARIM
A.png> <./pictures/emerging_jobs.png> <./pictures/yearwise emerging sectors.png
>] (final_report.aux)

LaTeX Warning: There were multiply-defined labels.

 )
(\end occurred when \iffalse on line 298 was incomplete) 
Here is how much of TeX's memory you used:
 1703 strings out of 493318
 25412 string characters out of 3139000
 82583 words of memory out of 3000000
 5213 multiletter control sequences out of 15000+200000
 21153 words of font info for 46 fonts, out of 3000000 for 9000
 1141 hyphenation exceptions out of 8191
 41i,9n,25p,689b,237s stack positions out of 5000i,500n,10000p,200000b,50000s
{C:/Program Files/MiKTe
X 2.9/fonts/enc/dvips/base/8r.enc}<C:/Program Files/MiKTeX 2.9/fonts/type1/publ
ic/amsfonts/cm/cmsy10.pfb><C:/Program Files/MiKTeX 2.9/fonts/type1/urw/times/ut
mb8a.pfb><C:/Program Files/MiKTeX 2.9/fonts/type1/urw/times/utmr8a.pfb>
Output written on final_report.pdf (5 pages, 744802 bytes).
PDF statistics:
 56 PDF objects out of 1000 (max. 8388607)
 0 named destinations out of 1000 (max. 500000)
 61 words of extra memory for PDF output out of 10000 (max. 10000000)

